2022-11-13T05:12:03.220+0300	DEBUG	fb2c/main.go:109	Program started	{"args": ["fb2c/fb2c", "convert", "--nodirs", "--to", "mobi", "/usr/share/tg-bot-v2/instance/downloader/temp/b1-temp", "/usr/share/tg-bot-v2/instance/downloader/temp/b1-temp/converted"], "ver": "1.65.0 (go1.19.2) : bb4424cfc35583fec746ef119bbaaa0e918bc5c5"}
2022-11-13T05:12:03.220+0300	INFO	commands/convert.go:247	Processing starting	{"source": "/usr/share/tg-bot-v2/instance/downloader/temp/b1-temp", "destination": "/usr/share/tg-bot-v2/instance/downloader/temp/b1-temp/converted", "format": "mobi"}
2022-11-13T05:12:03.220+0300	INFO	commands/convert.go:34	Conversion starting	{"from": "Happalo_–ñ–∏–∑–Ω—å_—Ç–æ–ª—å–∫–æ_–¥–µ—Ä–∂–∏—Å—å!_—à–∞–≥_–≤—Ç–æ—Ä–æ–π.fb2"}
2022-11-13T05:12:03.494+0300	DEBUG	processor/process.go:761	Parsing notes - start
2022-11-13T05:12:03.494+0300	DEBUG	processor/process.go:763	Parsing notes - done	{"elapsed": "20.533¬µs", "body titles": 0, "notes bodies": 0, "notes": 0}
2022-11-13T05:12:03.494+0300	DEBUG	processor/process.go:789	Parsing images - start
2022-11-13T05:12:03.516+0300	WARN	processor/process.go:853	Declared and detected image types do not match, using detected type	{"id": "cef9e442-bbaf-4937-8595-78ac11488edd.jpg", "declared": "image/jpg", "detected": "image/jpeg"}
2022-11-13T05:12:03.533+0300	WARN	processor/process.go:853	Declared and detected image types do not match, using detected type	{"id": "05518821-8259-4550-ab40-3eb50ea2ac5a.jpg", "declared": "image/jpg", "detected": "image/jpeg"}
2022-11-13T05:12:03.540+0300	WARN	processor/process.go:853	Declared and detected image types do not match, using detected type	{"id": "2102aade-d93e-4e62-8400-8ba1895625b7.jpg", "declared": "image/jpg", "detected": "image/jpeg"}
2022-11-13T05:12:03.574+0300	WARN	processor/process.go:853	Declared and detected image types do not match, using detected type	{"id": "2d84c0ea-b116-4c7f-87ce-5df4b350e038.jpg", "declared": "image/jpg", "detected": "image/jpeg"}
2022-11-13T05:12:03.597+0300	WARN	processor/process.go:853	Declared and detected image types do not match, using detected type	{"id": "0b974dcb-26f8-40c0-9263-ca71f0f876c0.jpg", "declared": "image/jpg", "detected": "image/jpeg"}
2022-11-13T05:12:03.732+0300	WARN	processor/process.go:853	Declared and detected image types do not match, using detected type	{"id": "b1392a6f-ad2b-4092-a682-2986f99c210c.jpg", "declared": "image/jpg", "detected": "image/jpeg"}
2022-11-13T05:12:03.742+0300	WARN	processor/process.go:853	Declared and detected image types do not match, using detected type	{"id": "10c59d0c-1367-4e17-9439-850e6245e292.jpg", "declared": "image/jpg", "detected": "image/jpeg"}
2022-11-13T05:12:03.807+0300	WARN	processor/process.go:853	Declared and detected image types do not match, using detected type	{"id": "71408750-703b-4675-8253-b95b7392e373.jpg", "declared": "image/jpg", "detected": "image/jpeg"}
2022-11-13T05:12:03.826+0300	WARN	processor/process.go:853	Declared and detected image types do not match, using detected type	{"id": "4b10b927-a515-4380-a857-6446736f7fc6.jpg", "declared": "image/jpg", "detected": "image/jpeg"}
2022-11-13T05:12:03.846+0300	WARN	processor/process.go:853	Declared and detected image types do not match, using detected type	{"id": "45882f92-884c-4c9a-9fe5-376f140213e1.jpg", "declared": "image/jpg", "detected": "image/jpeg"}
2022-11-13T05:12:03.862+0300	WARN	processor/process.go:853	Declared and detected image types do not match, using detected type	{"id": "3d4a3dba-8949-433a-a857-12c1e0590afb.jpg", "declared": "image/jpg", "detected": "image/jpeg"}
2022-11-13T05:12:03.862+0300	DEBUG	processor/process.go:791	Parsing images - done	{"elapsed": "367.216835ms", "images": 12}
2022-11-13T05:12:03.862+0300	DEBUG	processor/process.go:468	Parsing description - start
2022-11-13T05:12:03.862+0300	DEBUG	processor/process.go:470	Parsing description - done	{"elapsed": "46.235¬µs", "id": "cce026b4-fbcb-4dad-be57-26ce60a7331e", "asin": "", "title": "–ñ–∏–∑–Ω—å - —Ç–æ–ª—å–∫–æ –¥–µ—Ä–∂–∏—Å—å! (—à–∞–≥ –≤—Ç–æ—Ä–æ–π)", "lang": "ru", "cover": "cef9e442-bbaf-4937-8595-78ac11488edd.jpg", "genres": [], "authors": "", "sequence": "–ê —è –∏–¥—É, —à–∞–≥–∞—é –ø–æ ...", "sequence number": 2, "date": ""}
2022-11-13T05:12:03.862+0300	DEBUG	processor/process.go:683	Parsing bodies - start
2022-11-13T05:12:03.862+0300	DEBUG	processor/xhtml.go:36	Parsing body - start	{"name": ""}
2022-11-13T05:12:04.020+0300	DEBUG	processor/xhtml.go:38	Parsing body - done	{"elapsed": "157.372388ms", "name": ""}
2022-11-13T05:12:04.020+0300	DEBUG	processor/process.go:685	Parsing bodies - done	{"elapsed": "157.531484ms"}
2022-11-13T05:12:04.020+0300	DEBUG	processor/process.go:892	Processing links - start
2022-11-13T05:12:04.022+0300	DEBUG	processor/process.go:894	Processing links - done	{"elapsed": "1.569106ms"}
2022-11-13T05:12:04.022+0300	DEBUG	processor/process.go:917	Processing images - start
2022-11-13T05:12:04.022+0300	DEBUG	processor/process.go:919	Processing images - done	{"elapsed": "2.584¬µs"}
2022-11-13T05:12:04.022+0300	DEBUG	processor/generate.go:29	Generating TOC page - start
2022-11-13T05:12:04.022+0300	DEBUG	processor/generate.go:31	Generating TOC page - done	{"elapsed": "66.278¬µs"}
2022-11-13T05:12:04.022+0300	DEBUG	processor/generate.go:93	Generating cover page - start
2022-11-13T05:12:04.060+0300	DEBUG	processor/generate.go:95	Generating cover page - done	{"elapsed": "38.186329ms"}
2022-11-13T05:12:04.060+0300	DEBUG	processor/generate.go:232	Generating NCX - start
2022-11-13T05:12:04.060+0300	DEBUG	processor/generate.go:234	Generating NCX - done	{"elapsed": "161.89¬µs"}
2022-11-13T05:12:04.060+0300	DEBUG	processor/generate.go:314	Processing stylesheet - start
2022-11-13T05:12:04.061+0300	DEBUG	processor/generate.go:316	Processing stylesheet - done	{"elapsed": "557.746¬µs"}
2022-11-13T05:12:04.061+0300	DEBUG	processor/generate.go:401	Generating page map - start
2022-11-13T05:12:04.062+0300	DEBUG	processor/generate.go:403	Generating page map - done	{"elapsed": "547.829¬µs"}
2022-11-13T05:12:04.062+0300	DEBUG	processor/generate.go:434	Generating OPF - start
2022-11-13T05:12:04.062+0300	DEBUG	processor/generate.go:436	Generating OPF - done	{"elapsed": "240.53¬µs"}
2022-11-13T05:12:04.062+0300	DEBUG	processor/process.go:273	Saving content - starting	{"tmp": "/tmp/fb2c-2946048117", "content": "OEBPS"}
2022-11-13T05:12:04.194+0300	DEBUG	processor/imagefile.go:153	Inserting jpeg JFIF APP0 marker segment	{"id": "cef9e442-bbaf-4937-8595-78ac11488edd.jpg"}
2022-11-13T05:12:04.197+0300	DEBUG	processor/mobiazw3.go:151	kindlegen staring
2022-11-13T05:12:04.199+0300	DEBUG	processor/mobiazw3.go:172	
2022-11-13T05:12:04.199+0300	DEBUG	processor/mobiazw3.go:172	*************************************************************
2022-11-13T05:12:04.199+0300	DEBUG	processor/mobiazw3.go:172	 Amazon kindlegen(Linux) V2.9 build 1028-0897292 
2022-11-13T05:12:04.199+0300	DEBUG	processor/mobiazw3.go:172	 A command line e-book compiler 
2022-11-13T05:12:04.199+0300	DEBUG	processor/mobiazw3.go:172	 Copyright Amazon.com and its Affiliates 2014 
2022-11-13T05:12:04.199+0300	DEBUG	processor/mobiazw3.go:172	*************************************************************
2022-11-13T05:12:04.199+0300	DEBUG	processor/mobiazw3.go:172	
2022-11-13T05:12:04.199+0300	DEBUG	processor/mobiazw3.go:172	Info:I9006:option: -c1: Standard DOC compression
2022-11-13T05:12:04.207+0300	DEBUG	processor/mobiazw3.go:172	Info(prcgen):I1047: Added metadata dc:Title        "(–ê–Ø–ò–®–ü - 02) –ñ–∏–∑–Ω—å - —Ç–æ–ª—å–∫–æ –¥–µ—Ä–∂–∏—Å—å! (—à–∞–≥ –≤—Ç–æ—Ä–æ–π)"
2022-11-13T05:12:04.208+0300	DEBUG	processor/mobiazw3.go:172	Info(prcgen):I1047: Added metadata dc:Description  "–°–æ–≥–ª–∞—Å–∏–ª—Å—è –∏ –≤–ª–µ–∑? –¢–µ–ø–µ—Ä—å –∂–∏–≤–∏ –∏ –Ω–µ –∂—É–∂–∂–∏! –ê —Ç–æ, –∏—à—å, –º–æ–¥—É –≤–∑—è–ª–∏... –ñ–∞–ª–æ–≤–∞—Ç—å—Å—è –æ–Ω–∏ –±—É–¥—É—Ç? –ù–∏ —Å—Ç—ã–¥–∞, –Ω–∏ —Å–æ–≤–µ—Å—Ç–∏!"
2022-11-13T05:12:04.210+0300	DEBUG	processor/mobiazw3.go:172	Info(prcgen):I1002: Parsing files  0000021
2022-11-13T05:12:06.434+0300	DEBUG	processor/mobiazw3.go:172	Info(prcgen):I1015: Building PRC file
2022-11-13T05:12:06.435+0300	DEBUG	processor/mobiazw3.go:172	Info(prcgen):I1006: Resolving hyperlinks
2022-11-13T05:12:06.439+0300	DEBUG	processor/mobiazw3.go:172	Info(prcgen):I1008: Resolving start reading location
2022-11-13T05:12:06.439+0300	DEBUG	processor/mobiazw3.go:172	Info(prcgen):I1049: Building table of content     URL: /tmp/fb2c-2946048117/OEBPS/toc.ncx
2022-11-13T05:12:08.841+0300	DEBUG	processor/mobiazw3.go:172	Info(prcgen):I1045: Computing UNICODE ranges used in the book
2022-11-13T05:12:08.841+0300	DEBUG	processor/mobiazw3.go:172	Info(prcgen):I1046: Found UNICODE range: Basic Latin [20..7E]
2022-11-13T05:12:08.841+0300	DEBUG	processor/mobiazw3.go:172	Info(prcgen):I1046: Found UNICODE range: Cyrillic [400..4FF]
2022-11-13T05:12:08.841+0300	DEBUG	processor/mobiazw3.go:172	Info(prcgen):I1046: Found UNICODE range: General Punctuation - Windows 1252 [2013..2014]
2022-11-13T05:12:08.841+0300	DEBUG	processor/mobiazw3.go:172	Info(prcgen):I1046: Found UNICODE range: Latin-1 Supplement [A0..FF]
2022-11-13T05:12:08.849+0300	DEBUG	processor/mobiazw3.go:172	Info(prcgen):I1046: Found UNICODE range: Letter-like Symbols [2100..214F]
2022-11-13T05:12:08.856+0300	DEBUG	processor/mobiazw3.go:172	Info(prcgen):I1017: Building PRC file, record count:   0000200
2022-11-13T05:12:09.730+0300	DEBUG	processor/mobiazw3.go:172	Info(prcgen):I1039: Final stats - text compressed to (in % of original size):  49.20%
2022-11-13T05:12:09.730+0300	DEBUG	processor/mobiazw3.go:172	Info(prcgen):I1040: The document identifier is: "AFIYP_-_02_G-OXI_EGJ_IYUWUP"
2022-11-13T05:12:09.730+0300	DEBUG	processor/mobiazw3.go:172	Info(prcgen):I1041: The file format version is V6
2022-11-13T05:12:09.730+0300	DEBUG	processor/mobiazw3.go:172	Info(prcgen):I1031: Saving PRC file
2022-11-13T05:12:09.730+0300	DEBUG	processor/mobiazw3.go:172	Info(prcgen):I1032: PRC built successfully
2022-11-13T05:12:09.738+0300	DEBUG	processor/mobiazw3.go:172	Info(prcgen):I1016: Building enhanced PRC file
2022-11-13T05:12:09.738+0300	DEBUG	processor/mobiazw3.go:172	Info(prcgen):I1007: Resolving mediaidlinks
2022-11-13T05:12:09.738+0300	DEBUG	processor/mobiazw3.go:172	Info(prcgen):I1011: Writing mediaidlinks
2022-11-13T05:12:09.738+0300	DEBUG	processor/mobiazw3.go:172	Info(prcgen):I1009: Resolving guide items
2022-11-13T05:12:09.738+0300	DEBUG	processor/mobiazw3.go:172	Info(prcgen):I1039: Final stats - text compressed to (in % of original size):  51.03%
2022-11-13T05:12:09.738+0300	DEBUG	processor/mobiazw3.go:172	Info(prcgen):I1041: The file format version is V8
2022-11-13T05:12:09.738+0300	DEBUG	processor/mobiazw3.go:172	Info(prcgen):I15000:  Approximate Standard Mobi Deliverable file size :   0001315KB
2022-11-13T05:12:09.739+0300	DEBUG	processor/mobiazw3.go:172	Info(prcgen):I15001:  Approximate KF8 Deliverable file size :   0001334KB
2022-11-13T05:12:09.772+0300	DEBUG	processor/mobiazw3.go:172	Info(prcgen):I1036: Mobi file built successfully
2022-11-13T05:12:09.779+0300	DEBUG	processor/mobiazw3.go:153	kindlegen done	{"elapsed": "5.58186226s", "path": "/usr/share/tg-bot-v2/instance/converters/fb2c/kindlegen", "args": ["/tmp/fb2c-2946048117/OEBPS/content.opf", "-c1", "-locale", "en", "-o", "Happalo_–ñ–∏–∑–Ω—å_—Ç–æ–ª—å–∫–æ_–¥–µ—Ä–∂–∏—Å—å!_—à–∞–≥_–≤—Ç–æ—Ä–æ–π.mobi"]}
2022-11-13T05:12:09.919+0300	DEBUG	mobi/splitter.go:207	Inserting JFIF APP0 marker segment into mobi thumbnail
2022-11-13T05:12:09.937+0300	DEBUG	processor/process.go:275	Saving content - done	{"elapsed": "5.875251142s"}
2022-11-13T05:12:09.937+0300	DEBUG	processor/process.go:403	Cleaning	{"location": "/tmp/fb2c-2946048117"}
2022-11-13T05:12:09.942+0300	INFO	commands/convert.go:39	Conversion completed	{"elapsed": "6.721893527s", "to": "/usr/share/tg-bot-v2/instance/downloader/temp/b1-temp/converted/Happalo_–ñ–∏–∑–Ω—å_—Ç–æ–ª—å–∫–æ_–¥–µ—Ä–∂–∏—Å—å!_—à–∞–≥_–≤—Ç–æ—Ä–æ–π.mobi", "ref_id": "cce026b4-fbcb-4dad-be57-26ce60a7331e"}
2022-11-13T05:12:09.942+0300	INFO	commands/convert.go:249	Processing completed	{"elapsed": "6.72215934s"}
2022-11-13T05:12:09.942+0300	DEBUG	fb2c/main.go:155	Program ended	{"parsed args": ["convert", "--nodirs", "--to", "mobi", "/usr/share/tg-bot-v2/instance/downloader/temp/b1-temp", "/usr/share/tg-bot-v2/instance/downloader/temp/b1-temp/converted"]}
2022-11-13T05:41:54.797+0300	DEBUG	fb2c/main.go:109	Program started	{"args": ["fb2c/fb2c", "convert", "--nodirs", "--to", "mobi", "/usr/share/tg-bot-v2/instance/downloader/temp/dev-470328529-2214", "/usr/share/tg-bot-v2/instance/downloader/temp/dev-470328529-2214/converted"], "ver": "1.65.0 (go1.19.2) : bb4424cfc35583fec746ef119bbaaa0e918bc5c5"}
2022-11-13T05:41:54.797+0300	INFO	commands/convert.go:247	Processing starting	{"source": "/usr/share/tg-bot-v2/instance/downloader/temp/dev-470328529-2214", "destination": "/usr/share/tg-bot-v2/instance/downloader/temp/dev-470328529-2214/converted", "format": "mobi"}
2022-11-13T05:41:54.798+0300	INFO	commands/convert.go:34	Conversion starting	{"from": "rulate - –†–∞—Å–∫–æ–ª–æ—Ç–∞—è –±–∏—Ç–≤–æ–π —Å–∏–Ω–µ–≤–∞ –Ω–µ–±–µ—Å-parted-2-10.fb2"}
2022-11-13T05:41:54.805+0300	DEBUG	processor/process.go:761	Parsing notes - start
2022-11-13T05:41:54.805+0300	DEBUG	processor/process.go:763	Parsing notes - done	{"elapsed": "14.597¬µs", "body titles": 0, "notes bodies": 0, "notes": 0}
2022-11-13T05:41:54.805+0300	DEBUG	processor/process.go:789	Parsing images - start
2022-11-13T05:41:54.813+0300	WARN	processor/process.go:853	Declared and detected image types do not match, using detected type	{"id": "18bce13a-a154-4e3e-8e53-6a0550fb4ac4.jpg", "declared": "image/jpg", "detected": "image/jpeg"}
2022-11-13T05:41:54.813+0300	DEBUG	processor/process.go:791	Parsing images - done	{"elapsed": "8.325386ms", "images": 1}
2022-11-13T05:41:54.813+0300	DEBUG	processor/process.go:468	Parsing description - start
2022-11-13T05:41:54.813+0300	DEBUG	processor/process.go:470	Parsing description - done	{"elapsed": "46.723¬µs", "id": "ff5e4e3e-005f-4898-abef-ba1622294497", "asin": "", "title": "–†–∞—Å–∫–æ–ª–æ—Ç–∞—è –±–∏—Ç–≤–æ–π —Å–∏–Ω–µ–≤–∞ –Ω–µ–±–µ—Å", "lang": "ru", "cover": "18bce13a-a154-4e3e-8e53-6a0550fb4ac4.jpg", "genres": [], "authors": "", "sequence": "", "sequence number": 0, "date": ""}
2022-11-13T05:41:54.813+0300	DEBUG	processor/process.go:683	Parsing bodies - start
2022-11-13T05:41:54.813+0300	DEBUG	processor/xhtml.go:36	Parsing body - start	{"name": ""}
2022-11-13T05:41:54.838+0300	DEBUG	processor/xhtml.go:38	Parsing body - done	{"elapsed": "24.770058ms", "name": ""}
2022-11-13T05:41:54.838+0300	DEBUG	processor/process.go:685	Parsing bodies - done	{"elapsed": "24.845625ms"}
2022-11-13T05:41:54.838+0300	DEBUG	processor/process.go:892	Processing links - start
2022-11-13T05:41:54.838+0300	DEBUG	processor/process.go:894	Processing links - done	{"elapsed": "187.661¬µs"}
2022-11-13T05:41:54.838+0300	DEBUG	processor/process.go:917	Processing images - start
2022-11-13T05:41:54.838+0300	DEBUG	processor/process.go:919	Processing images - done	{"elapsed": "2.375¬µs"}
2022-11-13T05:41:54.838+0300	DEBUG	processor/generate.go:29	Generating TOC page - start
2022-11-13T05:41:54.838+0300	DEBUG	processor/generate.go:31	Generating TOC page - done	{"elapsed": "28.145¬µs"}
2022-11-13T05:41:54.838+0300	DEBUG	processor/generate.go:93	Generating cover page - start
2022-11-13T05:41:54.864+0300	DEBUG	processor/generate.go:95	Generating cover page - done	{"elapsed": "25.257753ms"}
2022-11-13T05:41:54.864+0300	DEBUG	processor/generate.go:232	Generating NCX - start
2022-11-13T05:41:54.864+0300	DEBUG	processor/generate.go:234	Generating NCX - done	{"elapsed": "53.009¬µs"}
2022-11-13T05:41:54.864+0300	DEBUG	processor/generate.go:314	Processing stylesheet - start
2022-11-13T05:41:54.864+0300	DEBUG	processor/generate.go:316	Processing stylesheet - done	{"elapsed": "337.329¬µs"}
2022-11-13T05:41:54.864+0300	DEBUG	processor/generate.go:401	Generating page map - start
2022-11-13T05:41:54.864+0300	DEBUG	processor/generate.go:403	Generating page map - done	{"elapsed": "57.479¬µs"}
2022-11-13T05:41:54.864+0300	DEBUG	processor/generate.go:434	Generating OPF - start
2022-11-13T05:41:54.864+0300	DEBUG	processor/generate.go:436	Generating OPF - done	{"elapsed": "99.662¬µs"}
2022-11-13T05:41:54.865+0300	DEBUG	processor/process.go:273	Saving content - starting	{"tmp": "/tmp/fb2c-782711639", "content": "OEBPS"}
2022-11-13T05:41:54.958+0300	DEBUG	processor/imagefile.go:153	Inserting jpeg JFIF APP0 marker segment	{"id": "18bce13a-a154-4e3e-8e53-6a0550fb4ac4.jpg"}
2022-11-13T05:41:54.959+0300	DEBUG	processor/mobiazw3.go:151	kindlegen staring
2022-11-13T05:41:54.963+0300	DEBUG	processor/mobiazw3.go:172	
2022-11-13T05:41:54.963+0300	DEBUG	processor/mobiazw3.go:172	*************************************************************
2022-11-13T05:41:54.963+0300	DEBUG	processor/mobiazw3.go:172	 Amazon kindlegen(Linux) V2.9 build 1028-0897292 
2022-11-13T05:41:54.963+0300	DEBUG	processor/mobiazw3.go:172	 A command line e-book compiler 
2022-11-13T05:41:54.963+0300	DEBUG	processor/mobiazw3.go:172	 Copyright Amazon.com and its Affiliates 2014 
2022-11-13T05:41:54.963+0300	DEBUG	processor/mobiazw3.go:172	*************************************************************
2022-11-13T05:41:54.963+0300	DEBUG	processor/mobiazw3.go:172	
2022-11-13T05:41:54.963+0300	DEBUG	processor/mobiazw3.go:172	Info:I9006:option: -c1: Standard DOC compression
2022-11-13T05:41:54.969+0300	DEBUG	processor/mobiazw3.go:172	Info(prcgen):I1047: Added metadata dc:Title        "–†–∞—Å–∫–æ–ª–æ—Ç–∞—è –±–∏—Ç–≤–æ–π —Å–∏–Ω–µ–≤–∞ –Ω–µ–±–µ—Å"
2022-11-13T05:41:54.969+0300	DEBUG	processor/mobiazw3.go:172	Info(prcgen):I1047: Added metadata dc:Description  "–í —ç—Ç–æ–º –º–∏—Ä–µ –Ω–µ—Ç –Ω–∏ –≥—Ä–∞–º–º–∞ –≤–æ–ª—à–µ–±—Å—Ç–≤–∞. –ó–¥–µ—Å—å –ø—Ä–∞–≤–∏—Ç —Å–∏–ª—å–Ω—ã–π, –∞ —Å–ª–∞–±–æ–º—É –æ—Å—Ç–∞—ë—Ç—Å—è –ª–∏—à—å –ø–æ–≤–∏–Ω–æ–≤–∞—Ç—å—Å—è. –ü—Ä–µ–∫—Ä–∞—Å–Ω–∞—è –∑–µ–º–ª—è, –≥–¥–µ –Ω–µ —Å—á–µ—Å—Ç—å –¥—Ä–∞–≥–æ—Ü–µ–Ω–Ω—ã—Ö —Å–æ–∫—Ä–æ–≤–∏—â, —Ç–∞–
2022-11-13T05:41:54.970+0300	DEBUG	processor/mobiazw3.go:172	Info(prcgen):I1002: Parsing files  0000011
2022-11-13T05:41:55.157+0300	DEBUG	processor/mobiazw3.go:172	Info(prcgen):I1015: Building PRC file
2022-11-13T05:41:55.158+0300	DEBUG	processor/mobiazw3.go:172	Info(prcgen):I1006: Resolving hyperlinks
2022-11-13T05:41:55.160+0300	DEBUG	processor/mobiazw3.go:172	Info(prcgen):I1008: Resolving start reading location
2022-11-13T05:41:55.160+0300	DEBUG	processor/mobiazw3.go:172	Info(prcgen):I1049: Building table of content     URL: /tmp/fb2c-782711639/OEBPS/toc.ncx
2022-11-13T05:41:55.954+0300	DEBUG	processor/mobiazw3.go:172	Info(prcgen):I1045: Computing UNICODE ranges used in the book
2022-11-13T05:41:55.954+0300	DEBUG	processor/mobiazw3.go:172	Info(prcgen):I1046: Found UNICODE range: Basic Latin [20..7E]
2022-11-13T05:41:55.954+0300	DEBUG	processor/mobiazw3.go:172	Info(prcgen):I1046: Found UNICODE range: Cyrillic [400..4FF]
2022-11-13T05:41:55.955+0300	DEBUG	processor/mobiazw3.go:172	Info(prcgen):I1046: Found UNICODE range: Latin-1 Supplement [A0..FF]
2022-11-13T05:41:55.956+0300	DEBUG	processor/mobiazw3.go:172	Info(prcgen):I1046: Found UNICODE range: General Punctuation - Windows 1252 [2026..2026]
2022-11-13T05:41:55.957+0300	DEBUG	processor/mobiazw3.go:172	Info(prcgen):I1017: Building PRC file, record count:   0000041
2022-11-13T05:41:56.146+0300	DEBUG	processor/mobiazw3.go:172	Info(prcgen):I1039: Final stats - text compressed to (in % of original size):  48.39%
2022-11-13T05:41:56.146+0300	DEBUG	processor/mobiazw3.go:172	Info(prcgen):I1040: The document identifier is: "QGXQURUYGL_H-P_XOTLIG_TLHLX"
2022-11-13T05:41:56.146+0300	DEBUG	processor/mobiazw3.go:172	Info(prcgen):I1041: The file format version is V6
2022-11-13T05:41:56.146+0300	DEBUG	processor/mobiazw3.go:172	Info(prcgen):I1031: Saving PRC file
2022-11-13T05:41:56.146+0300	DEBUG	processor/mobiazw3.go:172	Info(prcgen):I1032: PRC built successfully
2022-11-13T05:41:56.147+0300	DEBUG	processor/mobiazw3.go:172	Info(prcgen):I1016: Building enhanced PRC file
2022-11-13T05:41:56.147+0300	DEBUG	processor/mobiazw3.go:172	Info(prcgen):I1007: Resolving mediaidlinks
2022-11-13T05:41:56.147+0300	DEBUG	processor/mobiazw3.go:172	Info(prcgen):I1011: Writing mediaidlinks
2022-11-13T05:41:56.147+0300	DEBUG	processor/mobiazw3.go:172	Info(prcgen):I1009: Resolving guide items
2022-11-13T05:41:56.147+0300	DEBUG	processor/mobiazw3.go:172	Info(prcgen):I1017: Building PRC file, record count:   0000043
2022-11-13T05:41:56.147+0300	DEBUG	processor/mobiazw3.go:172	Info(prcgen):I1039: Final stats - text compressed to (in % of original size):  49.85%
2022-11-13T05:41:56.147+0300	DEBUG	processor/mobiazw3.go:172	Info(prcgen):I1041: The file format version is V8
2022-11-13T05:41:56.148+0300	DEBUG	processor/mobiazw3.go:172	Info(prcgen):I15000:  Approximate Standard Mobi Deliverable file size :   0000241KB
2022-11-13T05:41:56.148+0300	DEBUG	processor/mobiazw3.go:172	Info(prcgen):I15001:  Approximate KF8 Deliverable file size :   0000248KB
2022-11-13T05:41:56.155+0300	DEBUG	processor/mobiazw3.go:172	Info(prcgen):I1036: Mobi file built successfully
2022-11-13T05:41:56.160+0300	DEBUG	processor/mobiazw3.go:153	kindlegen done	{"elapsed": "1.201389119s", "path": "/usr/share/tg-bot-v2/instance/converters/fb2c/kindlegen", "args": ["/tmp/fb2c-782711639/OEBPS/content.opf", "-c1", "-locale", "en", "-o", "rulate - –†–∞—Å–∫–æ–ª–æ—Ç–∞—è –±–∏—Ç–≤–æ–π —Å–∏–Ω–µ–≤–∞ –Ω–µ–±–µ—Å-parted-2-10.mobi"]}
2022-11-13T05:41:56.252+0300	DEBUG	mobi/splitter.go:207	Inserting JFIF APP0 marker segment into mobi thumbnail
2022-11-13T05:41:56.256+0300	DEBUG	processor/process.go:275	Saving content - done	{"elapsed": "1.391728794s"}
2022-11-13T05:41:56.256+0300	DEBUG	processor/process.go:403	Cleaning	{"location": "/tmp/fb2c-782711639"}
2022-11-13T05:41:56.258+0300	INFO	commands/convert.go:39	Conversion completed	{"elapsed": "1.460570191s", "to": "/usr/share/tg-bot-v2/instance/downloader/temp/dev-470328529-2214/converted/rulate - –†–∞—Å–∫–æ–ª–æ—Ç–∞—è –±–∏—Ç–≤–æ–π —Å–∏–Ω–µ–≤–∞ –Ω–µ–±–µ—Å-parted-2-10.mobi", "ref_id": "ff5e4e3e-005f-4898-abef-ba1622294497"}
2022-11-13T05:41:56.258+0300	INFO	commands/convert.go:249	Processing completed	{"elapsed": "1.46088105s"}
2022-11-13T05:41:56.258+0300	DEBUG	fb2c/main.go:155	Program ended	{"parsed args": ["convert", "--nodirs", "--to", "mobi", "/usr/share/tg-bot-v2/instance/downloader/temp/dev-470328529-2214", "/usr/share/tg-bot-v2/instance/downloader/temp/dev-470328529-2214/converted"]}
2022-11-13T05:53:16.139+0300	DEBUG	fb2c/main.go:109	Program started	{"args": ["fb2c/fb2c", "convert", "--nodirs", "--to", "mobi", "/usr/share/tg-bot-v2/instance/downloader/temp/b1-470328529-2215", "/usr/share/tg-bot-v2/instance/downloader/temp/b1-470328529-2215/converted"], "ver": "1.65.0 (go1.19.2) : bb4424cfc35583fec746ef119bbaaa0e918bc5c5"}
2022-11-13T05:53:16.139+0300	INFO	commands/convert.go:247	Processing starting	{"source": "/usr/share/tg-bot-v2/instance/downloader/temp/b1-470328529-2215", "destination": "/usr/share/tg-bot-v2/instance/downloader/temp/b1-470328529-2215/converted", "format": "mobi"}
2022-11-13T05:53:16.139+0300	INFO	commands/convert.go:34	Conversion starting	{"from": "–ì–æ—Ä–±–æ–≤ –ê–ª–µ–∫—Å–∞–Ω–¥—Ä - –î—è–¥—è —Å–∞–º—ã—Ö —á–µ—Å—Ç–Ω—ã—Ö –ø—Ä–∞–≤–∏–ª.fb2"}
2022-11-13T05:53:16.174+0300	DEBUG	processor/process.go:761	Parsing notes - start
2022-11-13T05:53:16.175+0300	DEBUG	processor/process.go:763	Parsing notes - done	{"elapsed": "12.013¬µs", "body titles": 0, "notes bodies": 0, "notes": 0}
2022-11-13T05:53:16.175+0300	DEBUG	processor/process.go:789	Parsing images - start
2022-11-13T05:53:16.188+0300	WARN	processor/process.go:853	Declared and detected image types do not match, using detected type	{"id": "e5ef1a7c-89cd-41e3-a742-de1fa9f54e79.jpg", "declared": "image/jpg", "detected": "image/jpeg"}
2022-11-13T05:53:16.189+0300	DEBUG	processor/process.go:791	Parsing images - done	{"elapsed": "13.874974ms", "images": 1}
2022-11-13T05:53:16.189+0300	DEBUG	processor/process.go:468	Parsing description - start
2022-11-13T05:53:16.189+0300	DEBUG	processor/process.go:470	Parsing description - done	{"elapsed": "32.267¬µs", "id": "6ddd2369-4f78-4c52-9098-853e78d7b1db", "asin": "", "title": "–î—è–¥—è —Å–∞–º—ã—Ö —á–µ—Å—Ç–Ω—ã—Ö –ø—Ä–∞–≤–∏–ª", "lang": "ru", "cover": "e5ef1a7c-89cd-41e3-a742-de1fa9f54e79.jpg", "genres": [], "authors": "–ê–ª–µ–∫—Å–∞–Ω–¥—Ä –ì–æ—Ä–±–æ–≤", "sequence": "–î—è–¥—è —Å–∞–º—ã—Ö —á–µ—Å—Ç–Ω—ã—Ö –ø—Ä–∞–≤–∏–ª", "sequence number": 1, "date": ""}
2022-11-13T05:53:16.189+0300	DEBUG	processor/process.go:683	Parsing bodies - start
2022-11-13T05:53:16.189+0300	DEBUG	processor/xhtml.go:36	Parsing body - start	{"name": ""}
2022-11-13T05:53:16.429+0300	DEBUG	processor/xhtml.go:38	Parsing body - done	{"elapsed": "240.48206ms", "name": ""}
2022-11-13T05:53:16.429+0300	DEBUG	processor/process.go:685	Parsing bodies - done	{"elapsed": "240.662248ms"}
2022-11-13T05:53:16.429+0300	DEBUG	processor/process.go:892	Processing links - start
2022-11-13T05:53:16.432+0300	DEBUG	processor/process.go:894	Processing links - done	{"elapsed": "2.306897ms"}
2022-11-13T05:53:16.432+0300	DEBUG	processor/process.go:917	Processing images - start
2022-11-13T05:53:16.432+0300	DEBUG	processor/process.go:919	Processing images - done	{"elapsed": "3.352¬µs"}
2022-11-13T05:53:16.432+0300	DEBUG	processor/generate.go:29	Generating TOC page - start
2022-11-13T05:53:16.432+0300	DEBUG	processor/generate.go:31	Generating TOC page - done	{"elapsed": "135.7¬µs"}
2022-11-13T05:53:16.432+0300	DEBUG	processor/generate.go:93	Generating cover page - start
2022-11-13T05:53:16.479+0300	DEBUG	processor/generate.go:95	Generating cover page - done	{"elapsed": "46.365126ms"}
2022-11-13T05:53:16.479+0300	DEBUG	processor/generate.go:232	Generating NCX - start
2022-11-13T05:53:16.479+0300	DEBUG	processor/generate.go:234	Generating NCX - done	{"elapsed": "192.271¬µs"}
2022-11-13T05:53:16.479+0300	DEBUG	processor/generate.go:314	Processing stylesheet - start
2022-11-13T05:53:16.480+0300	DEBUG	processor/generate.go:316	Processing stylesheet - done	{"elapsed": "556.907¬µs"}
2022-11-13T05:53:16.480+0300	DEBUG	processor/generate.go:401	Generating page map - start
2022-11-13T05:53:16.480+0300	DEBUG	processor/generate.go:403	Generating page map - done	{"elapsed": "409.404¬µs"}
2022-11-13T05:53:16.480+0300	DEBUG	processor/generate.go:434	Generating OPF - start
2022-11-13T05:53:16.480+0300	DEBUG	processor/generate.go:436	Generating OPF - done	{"elapsed": "271.819¬µs"}
2022-11-13T05:53:16.480+0300	DEBUG	processor/process.go:273	Saving content - starting	{"tmp": "/tmp/fb2c-1839562777", "content": "OEBPS"}
2022-11-13T05:53:16.592+0300	DEBUG	processor/imagefile.go:153	Inserting jpeg JFIF APP0 marker segment	{"id": "e5ef1a7c-89cd-41e3-a742-de1fa9f54e79.jpg"}
2022-11-13T05:53:16.594+0300	DEBUG	processor/mobiazw3.go:151	kindlegen staring
2022-11-13T05:53:16.597+0300	DEBUG	processor/mobiazw3.go:172	
2022-11-13T05:53:16.597+0300	DEBUG	processor/mobiazw3.go:172	*************************************************************
2022-11-13T05:53:16.597+0300	DEBUG	processor/mobiazw3.go:172	 Amazon kindlegen(Linux) V2.9 build 1028-0897292 
2022-11-13T05:53:16.597+0300	DEBUG	processor/mobiazw3.go:172	 A command line e-book compiler 
2022-11-13T05:53:16.597+0300	DEBUG	processor/mobiazw3.go:172	 Copyright Amazon.com and its Affiliates 2014 
2022-11-13T05:53:16.597+0300	DEBUG	processor/mobiazw3.go:172	*************************************************************
2022-11-13T05:53:16.597+0300	DEBUG	processor/mobiazw3.go:172	
2022-11-13T05:53:16.597+0300	DEBUG	processor/mobiazw3.go:172	Info:I9006:option: -c1: Standard DOC compression
2022-11-13T05:53:16.608+0300	DEBUG	processor/mobiazw3.go:172	Info(prcgen):I1047: Added metadata dc:Title        "(–î–°–ß–ü - 01) –î—è–¥—è —Å–∞–º—ã—Ö —á–µ—Å—Ç–Ω—ã—Ö –ø—Ä–∞–≤–∏–ª"
2022-11-13T05:53:16.608+0300	DEBUG	processor/mobiazw3.go:172	Info(prcgen):I1047: Added metadata dc:Creator      "–ê–ª–µ–∫—Å–∞–Ω–¥—Ä –ì–æ—Ä–±–æ–≤"
2022-11-13T05:53:16.611+0300	DEBUG	processor/mobiazw3.go:172	Info(prcgen):I1047: Added metadata dc:Description  "–ú–∏—Ä, –≥–¥–µ –¥–≤–æ—Ä—è–Ω–µ –≥–æ—Ä–¥—è—Ç—Å—è –º–∞–≥–∏—á–µ—Å–∫–∏–º –¢–∞–ª–∞–Ω—Ç–æ–º, –∫–Ω—è–∑—å—è–º —Å–ª—É–∂–∞—Ç –æ—Ç—Ä—è–¥—ã –æ–ø—Ä–∏—á–Ω–∏–∫–æ–≤, –∞ –∫—Ä–µ–ø–æ—Å—Ç–Ω—ã–µ –æ—Ä–∫–∏ –ø–æ—Å–ª—É—à–Ω–æ –æ—Ç—Ä–∞–±–∞—Ç—ã–≤–∞—é—Ç –±–∞—Ä—â–∏–Ω—É. –ú–∏—Ä, –≥–¥–µ –∫–∞—Ä–µ—Ç—ã —Ç–∞—â–∞—Ç –º–
2022-11-13T05:53:16.613+0300	DEBUG	processor/mobiazw3.go:172	Info(prcgen):I1002: Parsing files  0000038
2022-11-13T05:53:17.522+0300	DEBUG	processor/mobiazw3.go:172	Info(prcgen):I1015: Building PRC file
2022-11-13T05:53:17.523+0300	DEBUG	processor/mobiazw3.go:172	Info(prcgen):I1006: Resolving hyperlinks
2022-11-13T05:53:17.529+0300	DEBUG	processor/mobiazw3.go:172	Info(prcgen):I1008: Resolving start reading location
2022-11-13T05:53:17.529+0300	DEBUG	processor/mobiazw3.go:172	Info(prcgen):I1049: Building table of content     URL: /tmp/fb2c-1839562777/OEBPS/toc.ncx
2022-11-13T05:53:18.372+0300	DEBUG	processor/mobiazw3.go:172	Info(prcgen):I1045: Computing UNICODE ranges used in the book
2022-11-13T05:53:18.372+0300	DEBUG	processor/mobiazw3.go:172	Info(prcgen):I1046: Found UNICODE range: Basic Latin [20..7E]
2022-11-13T05:53:18.372+0300	DEBUG	processor/mobiazw3.go:172	Info(prcgen):I1046: Found UNICODE range: Cyrillic [400..4FF]
2022-11-13T05:53:18.372+0300	DEBUG	processor/mobiazw3.go:172	Info(prcgen):I1046: Found UNICODE range: General Punctuation - Windows 1252 [2013..2014]
2022-11-13T05:53:18.390+0300	DEBUG	processor/mobiazw3.go:172	Info(prcgen):I1017: Building PRC file, record count:   0000226
2022-11-13T05:53:19.345+0300	DEBUG	processor/mobiazw3.go:172	Info(prcgen):I1039: Final stats - text compressed to (in % of original size):  49.33%
2022-11-13T05:53:19.345+0300	DEBUG	processor/mobiazw3.go:172	Info(prcgen):I1040: The document identifier is: "ERXP_-_01_EL-DLXYTHB_VWGIOR"
2022-11-13T05:53:19.345+0300	DEBUG	processor/mobiazw3.go:172	Info(prcgen):I1041: The file format version is V6
2022-11-13T05:53:19.345+0300	DEBUG	processor/mobiazw3.go:172	Info(prcgen):I1031: Saving PRC file
2022-11-13T05:53:19.345+0300	DEBUG	processor/mobiazw3.go:172	Info(prcgen):I1032: PRC built successfully
2022-11-13T05:53:19.347+0300	DEBUG	processor/mobiazw3.go:172	Info(prcgen):I1016: Building enhanced PRC file
2022-11-13T05:53:19.347+0300	DEBUG	processor/mobiazw3.go:172	Info(prcgen):I1007: Resolving mediaidlinks
2022-11-13T05:53:19.347+0300	DEBUG	processor/mobiazw3.go:172	Info(prcgen):I1011: Writing mediaidlinks
2022-11-13T05:53:19.347+0300	DEBUG	processor/mobiazw3.go:172	Info(prcgen):I1009: Resolving guide items
2022-11-13T05:53:19.347+0300	DEBUG	processor/mobiazw3.go:172	Info(prcgen):I1017: Building PRC file, record count:   0000223
2022-11-13T05:53:19.347+0300	DEBUG	processor/mobiazw3.go:172	Info(prcgen):I1039: Final stats - text compressed to (in % of original size):  51.54%
2022-11-13T05:53:19.347+0300	DEBUG	processor/mobiazw3.go:172	Info(prcgen):I1041: The file format version is V8
2022-11-13T05:53:19.347+0300	DEBUG	processor/mobiazw3.go:172	Info(prcgen):I15000:  Approximate Standard Mobi Deliverable file size :   0000610KB
2022-11-13T05:53:19.348+0300	DEBUG	processor/mobiazw3.go:172	Info(prcgen):I15001:  Approximate KF8 Deliverable file size :   0000630KB
2022-11-13T05:53:19.360+0300	DEBUG	processor/mobiazw3.go:172	Info(prcgen):I1036: Mobi file built successfully
2022-11-13T05:53:19.365+0300	DEBUG	processor/mobiazw3.go:153	kindlegen done	{"elapsed": "2.770576703s", "path": "/usr/share/tg-bot-v2/instance/converters/fb2c/kindlegen", "args": ["/tmp/fb2c-1839562777/OEBPS/content.opf", "-c1", "-locale", "en", "-o", "–ì–æ—Ä–±–æ–≤ –ê–ª–µ–∫—Å–∞–Ω–¥—Ä - –î—è–¥—è —Å–∞–º—ã—Ö —á–µ—Å—Ç–Ω—ã—Ö –ø—Ä–∞–≤–∏–ª.mobi"]}
2022-11-13T05:53:19.495+0300	DEBUG	mobi/splitter.go:207	Inserting JFIF APP0 marker segment into mobi thumbnail
2022-11-13T05:53:19.501+0300	DEBUG	processor/process.go:275	Saving content - done	{"elapsed": "3.020549509s"}
2022-11-13T05:53:19.501+0300	DEBUG	processor/process.go:403	Cleaning	{"location": "/tmp/fb2c-1839562777"}
2022-11-13T05:53:19.504+0300	INFO	commands/convert.go:39	Conversion completed	{"elapsed": "3.364584281s", "to": "/usr/share/tg-bot-v2/instance/downloader/temp/b1-470328529-2215/converted/–ì–æ—Ä–±–æ–≤ –ê–ª–µ–∫—Å–∞–Ω–¥—Ä - –î—è–¥—è —Å–∞–º—ã—Ö —á–µ—Å—Ç–Ω—ã—Ö –ø—Ä–∞–≤–∏–ª.mobi", "ref_id": "6ddd2369-4f78-4c52-9098-853e78d7b1db"}
2022-11-13T05:53:19.504+0300	INFO	commands/convert.go:249	Processing completed	{"elapsed": "3.364893953s"}
2022-11-13T05:53:19.504+0300	DEBUG	fb2c/main.go:155	Program ended	{"parsed args": ["convert", "--nodirs", "--to", "mobi", "/usr/share/tg-bot-v2/instance/downloader/temp/b1-470328529-2215", "/usr/share/tg-bot-v2/instance/downloader/temp/b1-470328529-2215/converted"]}
2022-11-13T05:55:19.540+0300	DEBUG	fb2c/main.go:109	Program started	{"args": ["fb2c/fb2c", "convert", "--nodirs", "--to", "mobi", "/usr/share/tg-bot-v2/instance/downloader/temp/c1-470328529-2217", "/usr/share/tg-bot-v2/instance/downloader/temp/c1-470328529-2217/converted"], "ver": "1.65.0 (go1.19.2) : bb4424cfc35583fec746ef119bbaaa0e918bc5c5"}
2022-11-13T05:55:19.540+0300	INFO	commands/convert.go:247	Processing starting	{"source": "/usr/share/tg-bot-v2/instance/downloader/temp/c1-470328529-2217", "destination": "/usr/share/tg-bot-v2/instance/downloader/temp/c1-470328529-2217/converted", "format": "mobi"}
2022-11-13T05:55:19.540+0300	INFO	commands/convert.go:34	Conversion starting	{"from": "–ê–π—Ç–±–∞–µ–≤ –¢.–ê. - –ú—ç–≤.fb2"}
2022-11-13T05:55:19.545+0300	DEBUG	processor/process.go:761	Parsing notes - start
2022-11-13T05:55:19.545+0300	DEBUG	processor/process.go:763	Parsing notes - done	{"elapsed": "11.175¬µs", "body titles": 0, "notes bodies": 0, "notes": 0}
2022-11-13T05:55:19.545+0300	DEBUG	processor/process.go:789	Parsing images - start
2022-11-13T05:55:19.566+0300	WARN	processor/process.go:853	Declared and detected image types do not match, using detected type	{"id": "758c1c4a-4ee1-4146-8561-cce7dc5dcf06.jpg", "declared": "image/jpg", "detected": "image/jpeg"}
2022-11-13T05:55:19.566+0300	DEBUG	processor/process.go:791	Parsing images - done	{"elapsed": "21.573267ms", "images": 1}
2022-11-13T05:55:19.566+0300	DEBUG	processor/process.go:468	Parsing description - start
2022-11-13T05:55:19.566+0300	DEBUG	processor/process.go:470	Parsing description - done	{"elapsed": "28.565¬µs", "id": "c7203666-3788-4871-a3f5-506fc07674b8", "asin": "", "title": "–ú—ç–≤", "lang": "ru", "cover": "758c1c4a-4ee1-4146-8561-cce7dc5dcf06.jpg", "genres": [], "authors": "–¢.–ê. –ê–π—Ç–±–∞–µ–≤", "sequence": "", "sequence number": 0, "date": ""}
2022-11-13T05:55:19.566+0300	DEBUG	processor/process.go:683	Parsing bodies - start
2022-11-13T05:55:19.567+0300	DEBUG	processor/xhtml.go:36	Parsing body - start	{"name": ""}
2022-11-13T05:55:19.576+0300	DEBUG	processor/xhtml.go:38	Parsing body - done	{"elapsed": "9.410779ms", "name": ""}
2022-11-13T05:55:19.576+0300	DEBUG	processor/process.go:685	Parsing bodies - done	{"elapsed": "9.527971ms"}
2022-11-13T05:55:19.576+0300	DEBUG	processor/process.go:892	Processing links - start
2022-11-13T05:55:19.576+0300	DEBUG	processor/process.go:894	Processing links - done	{"elapsed": "90.373¬µs"}
2022-11-13T05:55:19.576+0300	DEBUG	processor/process.go:917	Processing images - start
2022-11-13T05:55:19.576+0300	DEBUG	processor/process.go:919	Processing images - done	{"elapsed": "2.654¬µs"}
2022-11-13T05:55:19.576+0300	DEBUG	processor/generate.go:29	Generating TOC page - start
2022-11-13T05:55:19.576+0300	DEBUG	processor/generate.go:31	Generating TOC page - done	{"elapsed": "19.346¬µs"}
2022-11-13T05:55:19.576+0300	DEBUG	processor/generate.go:93	Generating cover page - start
2022-11-13T05:55:19.612+0300	DEBUG	processor/generate.go:95	Generating cover page - done	{"elapsed": "35.521294ms"}
2022-11-13T05:55:19.612+0300	DEBUG	processor/generate.go:232	Generating NCX - start
2022-11-13T05:55:19.612+0300	DEBUG	processor/generate.go:234	Generating NCX - done	{"elapsed": "35.06¬µs"}
2022-11-13T05:55:19.612+0300	DEBUG	processor/generate.go:314	Processing stylesheet - start
2022-11-13T05:55:19.613+0300	DEBUG	processor/generate.go:316	Processing stylesheet - done	{"elapsed": "461.645¬µs"}
2022-11-13T05:55:19.613+0300	DEBUG	processor/generate.go:401	Generating page map - start
2022-11-13T05:55:19.613+0300	DEBUG	processor/generate.go:403	Generating page map - done	{"elapsed": "29.682¬µs"}
2022-11-13T05:55:19.613+0300	DEBUG	processor/generate.go:434	Generating OPF - start
2022-11-13T05:55:19.613+0300	DEBUG	processor/generate.go:436	Generating OPF - done	{"elapsed": "83.878¬µs"}
2022-11-13T05:55:19.613+0300	DEBUG	processor/process.go:273	Saving content - starting	{"tmp": "/tmp/fb2c-828205988", "content": "OEBPS"}
2022-11-13T05:55:19.739+0300	DEBUG	processor/imagefile.go:153	Inserting jpeg JFIF APP0 marker segment	{"id": "758c1c4a-4ee1-4146-8561-cce7dc5dcf06.jpg"}
2022-11-13T05:55:19.741+0300	DEBUG	processor/mobiazw3.go:151	kindlegen staring
2022-11-13T05:55:19.744+0300	DEBUG	processor/mobiazw3.go:172	
2022-11-13T05:55:19.744+0300	DEBUG	processor/mobiazw3.go:172	*************************************************************
2022-11-13T05:55:19.744+0300	DEBUG	processor/mobiazw3.go:172	 Amazon kindlegen(Linux) V2.9 build 1028-0897292 
2022-11-13T05:55:19.744+0300	DEBUG	processor/mobiazw3.go:172	 A command line e-book compiler 
2022-11-13T05:55:19.744+0300	DEBUG	processor/mobiazw3.go:172	 Copyright Amazon.com and its Affiliates 2014 
2022-11-13T05:55:19.744+0300	DEBUG	processor/mobiazw3.go:172	*************************************************************
2022-11-13T05:55:19.744+0300	DEBUG	processor/mobiazw3.go:172	
2022-11-13T05:55:19.744+0300	DEBUG	processor/mobiazw3.go:172	Info:I9006:option: -c1: Standard DOC compression
2022-11-13T05:55:19.749+0300	DEBUG	processor/mobiazw3.go:172	Info(prcgen):I1047: Added metadata dc:Title        "–ú—ç–≤"
2022-11-13T05:55:19.749+0300	DEBUG	processor/mobiazw3.go:172	Info(prcgen):I1047: Added metadata dc:Creator      "–¢.–ê. –ê–π—Ç–±–∞–µ–≤"
2022-11-13T05:55:19.749+0300	DEBUG	processor/mobiazw3.go:172	Info(prcgen):I1047: Added metadata dc:Description  "–° –æ–¥–Ω–æ–π —Å—Ç–æ—Ä–æ–Ω—ã —É —Ç–µ–±—è –≤—Å–µ –∑–∞–º–µ—á–∞—Ç–µ–ª—å–Ω–æ: –Ω–æ–≤–æ–µ –º–æ–ª–æ–¥–æ–µ —Ç–µ–ª–æ, –¥–æ–ª–≥–æ–∂–∏—Ç–µ–ª—å—Å—Ç–≤–æ, –º–∞–≥–∏—è, —Ü–µ–ª–æ–µ –∫–æ—Ä–æ–ª–µ–≤—Å—Ç–≤–æ –≤ –Ω–∞—Å–ª–µ–¥—Å—Ç–≤–æ. –° –¥—Ä—É–≥–æ–π —Å—Ç–æ—Ä–æ–Ω—ã, —ç—Ç–æ –ø–æ–ª–Ω—ã–π –∞—Ö—Ç—É–Ω–≥...
2022-11-13T05:55:19.749+0300	DEBUG	processor/mobiazw3.go:172	 
2022-11-13T05:55:19.750+0300	DEBUG	processor/mobiazw3.go:172	Info(prcgen):I1002: Parsing files  0000004
2022-11-13T05:55:19.832+0300	DEBUG	processor/mobiazw3.go:172	Info(prcgen):I1015: Building PRC file
2022-11-13T05:55:19.834+0300	DEBUG	processor/mobiazw3.go:172	Info(prcgen):I1006: Resolving hyperlinks
2022-11-13T05:55:19.834+0300	DEBUG	processor/mobiazw3.go:172	Info(prcgen):I1008: Resolving start reading location
2022-11-13T05:55:19.834+0300	DEBUG	processor/mobiazw3.go:172	Info(prcgen):I1049: Building table of content     URL: /tmp/fb2c-828205988/OEBPS/toc.ncx
2022-11-13T05:55:20.266+0300	DEBUG	fb2c/main.go:109	Program started	{"args": ["fb2c/fb2c", "convert", "--nodirs", "--to", "mobi", "/usr/share/tg-bot-v2/instance/downloader/temp/c1-470328529-2216", "/usr/share/tg-bot-v2/instance/downloader/temp/c1-470328529-2216/converted"], "ver": "1.65.0 (go1.19.2) : bb4424cfc35583fec746ef119bbaaa0e918bc5c5"}
2022-11-13T05:55:20.266+0300	INFO	commands/convert.go:247	Processing starting	{"source": "/usr/share/tg-bot-v2/instance/downloader/temp/c1-470328529-2216", "destination": "/usr/share/tg-bot-v2/instance/downloader/temp/c1-470328529-2216/converted", "format": "mobi"}
2022-11-13T05:55:20.266+0300	INFO	commands/convert.go:34	Conversion starting	{"from": "–ì–æ—Ä–±–æ–≤ –ê–ª–µ–∫—Å–∞–Ω–¥—Ä - –î—è–¥—è —Å–∞–º—ã—Ö —á–µ—Å—Ç–Ω—ã—Ö –ø—Ä–∞–≤–∏–ª.fb2"}
2022-11-13T05:55:20.301+0300	DEBUG	processor/process.go:761	Parsing notes - start
2022-11-13T05:55:20.301+0300	DEBUG	processor/process.go:763	Parsing notes - done	{"elapsed": "11.175¬µs", "body titles": 0, "notes bodies": 0, "notes": 0}
2022-11-13T05:55:20.301+0300	DEBUG	processor/process.go:789	Parsing images - start
2022-11-13T05:55:20.313+0300	WARN	processor/process.go:853	Declared and detected image types do not match, using detected type	{"id": "d3bdb6f8-8e41-460f-98d2-9ffc99bd212f.jpg", "declared": "image/jpg", "detected": "image/jpeg"}
2022-11-13T05:55:20.313+0300	DEBUG	processor/process.go:791	Parsing images - done	{"elapsed": "11.864689ms", "images": 1}
2022-11-13T05:55:20.313+0300	DEBUG	processor/process.go:468	Parsing description - start
2022-11-13T05:55:20.313+0300	DEBUG	processor/process.go:470	Parsing description - done	{"elapsed": "34.362¬µs", "id": "72717cf9-5f88-4192-9d10-e3c403cf69c6", "asin": "", "title": "–î—è–¥—è —Å–∞–º—ã—Ö —á–µ—Å—Ç–Ω—ã—Ö –ø—Ä–∞–≤–∏–ª", "lang": "ru", "cover": "d3bdb6f8-8e41-460f-98d2-9ffc99bd212f.jpg", "genres": [], "authors": "–ê–ª–µ–∫—Å–∞–Ω–¥—Ä –ì–æ—Ä–±–æ–≤", "sequence": "–î—è–¥—è —Å–∞–º—ã—Ö —á–µ—Å—Ç–Ω—ã—Ö –ø—Ä–∞–≤–∏–ª", "sequence number": 1, "date": ""}
2022-11-13T05:55:20.313+0300	DEBUG	processor/process.go:683	Parsing bodies - start
2022-11-13T05:55:20.313+0300	DEBUG	processor/xhtml.go:36	Parsing body - start	{"name": ""}
2022-11-13T05:55:20.447+0300	DEBUG	processor/xhtml.go:38	Parsing body - done	{"elapsed": "133.944585ms", "name": ""}
2022-11-13T05:55:20.448+0300	DEBUG	processor/process.go:685	Parsing bodies - done	{"elapsed": "134.353221ms"}
2022-11-13T05:55:20.448+0300	DEBUG	processor/process.go:892	Processing links - start
2022-11-13T05:55:20.449+0300	DEBUG	processor/process.go:894	Processing links - done	{"elapsed": "1.488089ms"}
2022-11-13T05:55:20.449+0300	DEBUG	processor/process.go:917	Processing images - start
2022-11-13T05:55:20.449+0300	DEBUG	processor/process.go:919	Processing images - done	{"elapsed": "2.165¬µs"}
2022-11-13T05:55:20.449+0300	DEBUG	processor/generate.go:29	Generating TOC page - start
2022-11-13T05:55:20.449+0300	DEBUG	processor/generate.go:31	Generating TOC page - done	{"elapsed": "79.408¬µs"}
2022-11-13T05:55:20.449+0300	DEBUG	processor/generate.go:93	Generating cover page - start
2022-11-13T05:55:20.475+0300	DEBUG	processor/generate.go:95	Generating cover page - done	{"elapsed": "26.046473ms"}
2022-11-13T05:55:20.476+0300	DEBUG	processor/generate.go:232	Generating NCX - start
2022-11-13T05:55:20.476+0300	DEBUG	processor/generate.go:234	Generating NCX - done	{"elapsed": "120.335¬µs"}
2022-11-13T05:55:20.476+0300	DEBUG	processor/generate.go:314	Processing stylesheet - start
2022-11-13T05:55:20.476+0300	DEBUG	processor/generate.go:316	Processing stylesheet - done	{"elapsed": "306.25¬µs"}
2022-11-13T05:55:20.476+0300	DEBUG	processor/generate.go:401	Generating page map - start
2022-11-13T05:55:20.476+0300	DEBUG	processor/generate.go:403	Generating page map - done	{"elapsed": "250.517¬µs"}
2022-11-13T05:55:20.476+0300	DEBUG	processor/generate.go:434	Generating OPF - start
2022-11-13T05:55:20.476+0300	DEBUG	processor/generate.go:436	Generating OPF - done	{"elapsed": "151.064¬µs"}
2022-11-13T05:55:20.477+0300	DEBUG	processor/process.go:273	Saving content - starting	{"tmp": "/tmp/fb2c-261819030", "content": "OEBPS"}
2022-11-13T05:55:20.578+0300	DEBUG	processor/imagefile.go:153	Inserting jpeg JFIF APP0 marker segment	{"id": "d3bdb6f8-8e41-460f-98d2-9ffc99bd212f.jpg"}
2022-11-13T05:55:20.581+0300	DEBUG	processor/mobiazw3.go:151	kindlegen staring
2022-11-13T05:55:20.583+0300	DEBUG	processor/mobiazw3.go:172	
2022-11-13T05:55:20.583+0300	DEBUG	processor/mobiazw3.go:172	*************************************************************
2022-11-13T05:55:20.583+0300	DEBUG	processor/mobiazw3.go:172	 Amazon kindlegen(Linux) V2.9 build 1028-0897292 
2022-11-13T05:55:20.583+0300	DEBUG	processor/mobiazw3.go:172	 A command line e-book compiler 
2022-11-13T05:55:20.583+0300	DEBUG	processor/mobiazw3.go:172	 Copyright Amazon.com and its Affiliates 2014 
2022-11-13T05:55:20.583+0300	DEBUG	processor/mobiazw3.go:172	*************************************************************
2022-11-13T05:55:20.583+0300	DEBUG	processor/mobiazw3.go:172	
2022-11-13T05:55:20.583+0300	DEBUG	processor/mobiazw3.go:172	Info:I9006:option: -c1: Standard DOC compression
2022-11-13T05:55:20.594+0300	DEBUG	processor/mobiazw3.go:172	Info(prcgen):I1047: Added metadata dc:Title        "(–î–°–ß–ü - 01) –î—è–¥—è —Å–∞–º—ã—Ö —á–µ—Å—Ç–Ω—ã—Ö –ø—Ä–∞–≤–∏–ª"
2022-11-13T05:55:20.594+0300	DEBUG	processor/mobiazw3.go:172	Info(prcgen):I1047: Added metadata dc:Creator      "–ê–ª–µ–∫—Å–∞–Ω–¥—Ä –ì–æ—Ä–±–æ–≤"
2022-11-13T05:55:20.597+0300	DEBUG	processor/mobiazw3.go:172	Info(prcgen):I1047: Added metadata dc:Description  "–ú–∏—Ä, –≥–¥–µ –¥–≤–æ—Ä—è–Ω–µ –≥–æ—Ä–¥—è—Ç—Å—è –º–∞–≥–∏—á–µ—Å–∫–∏–º –¢–∞–ª–∞–Ω—Ç–æ–º, –∫–Ω—è–∑—å—è–º —Å–ª—É–∂–∞—Ç –æ—Ç—Ä—è–¥—ã –æ–ø—Ä–∏—á–Ω–∏–∫–æ–≤, –∞ –∫—Ä–µ–ø–æ—Å—Ç–Ω—ã–µ –æ—Ä–∫–∏ –ø–æ—Å–ª—É—à–Ω–æ –æ—Ç—Ä–∞–±–∞—Ç—ã–≤–∞—é—Ç –±–∞—Ä—â–∏–Ω—É. –ú–∏—Ä, –≥–¥–µ –∫–∞—Ä–µ—Ç—ã —Ç–∞—â–∞—Ç –º–
2022-11-13T05:55:20.599+0300	DEBUG	processor/mobiazw3.go:172	Info(prcgen):I1002: Parsing files  0000038
2022-11-13T05:55:21.005+0300	DEBUG	processor/mobiazw3.go:172	Info(prcgen):I1045: Computing UNICODE ranges used in the book
2022-11-13T05:55:21.005+0300	DEBUG	processor/mobiazw3.go:172	Info(prcgen):I1046: Found UNICODE range: Basic Latin [20..7E]
2022-11-13T05:55:21.005+0300	DEBUG	processor/mobiazw3.go:172	Info(prcgen):I1046: Found UNICODE range: Cyrillic [400..4FF]
2022-11-13T05:55:21.005+0300	DEBUG	processor/mobiazw3.go:172	Info(prcgen):I1046: Found UNICODE range: General Punctuation - Windows 1252 [2013..2014]
2022-11-13T05:55:21.005+0300	DEBUG	processor/mobiazw3.go:172	Info(prcgen):I1046: Found UNICODE range: Latin-1 Supplement [A0..FF]
2022-11-13T05:55:21.007+0300	DEBUG	processor/mobiazw3.go:172	Info(prcgen):I1017: Building PRC file, record count:   0000016
2022-11-13T05:55:21.096+0300	DEBUG	processor/mobiazw3.go:172	Info(prcgen):I1039: Final stats - text compressed to (in % of original size):  50.40%
2022-11-13T05:55:21.096+0300	DEBUG	processor/mobiazw3.go:172	Info(prcgen):I1040: The document identifier is: "MJI"
2022-11-13T05:55:21.096+0300	DEBUG	processor/mobiazw3.go:172	Info(prcgen):I1041: The file format version is V6
2022-11-13T05:55:21.096+0300	DEBUG	processor/mobiazw3.go:172	Info(prcgen):I1031: Saving PRC file
2022-11-13T05:55:21.096+0300	DEBUG	processor/mobiazw3.go:172	Info(prcgen):I1032: PRC built successfully
2022-11-13T05:55:21.097+0300	DEBUG	processor/mobiazw3.go:172	Info(prcgen):I1016: Building enhanced PRC file
2022-11-13T05:55:21.097+0300	DEBUG	processor/mobiazw3.go:172	Info(prcgen):I1007: Resolving mediaidlinks
2022-11-13T05:55:21.097+0300	DEBUG	processor/mobiazw3.go:172	Info(prcgen):I1011: Writing mediaidlinks
2022-11-13T05:55:21.097+0300	DEBUG	processor/mobiazw3.go:172	Info(prcgen):I1009: Resolving guide items
2022-11-13T05:55:21.097+0300	DEBUG	processor/mobiazw3.go:172	Info(prcgen):I1017: Building PRC file, record count:   0000018
2022-11-13T05:55:21.097+0300	DEBUG	processor/mobiazw3.go:172	Info(prcgen):I1039: Final stats - text compressed to (in % of original size):  50.28%
2022-11-13T05:55:21.097+0300	DEBUG	processor/mobiazw3.go:172	Info(prcgen):I1041: The file format version is V8
2022-11-13T05:55:21.098+0300	DEBUG	processor/mobiazw3.go:172	Info(prcgen):I15000:  Approximate Standard Mobi Deliverable file size :   0000173KB
2022-11-13T05:55:21.098+0300	DEBUG	processor/mobiazw3.go:172	Info(prcgen):I15001:  Approximate KF8 Deliverable file size :   0000177KB
2022-11-13T05:55:21.101+0300	DEBUG	processor/mobiazw3.go:172	Info(prcgen):I1036: Mobi file built successfully
2022-11-13T05:55:21.104+0300	DEBUG	processor/mobiazw3.go:153	kindlegen done	{"elapsed": "1.363239624s", "path": "/usr/share/tg-bot-v2/instance/converters/fb2c/kindlegen", "args": ["/tmp/fb2c-828205988/OEBPS/content.opf", "-c1", "-locale", "en", "-o", "–ê–π—Ç–±–∞–µ–≤ –¢.–ê. - –ú—ç–≤.mobi"]}
2022-11-13T05:55:21.190+0300	DEBUG	mobi/splitter.go:207	Inserting JFIF APP0 marker segment into mobi thumbnail
2022-11-13T05:55:21.192+0300	DEBUG	processor/process.go:275	Saving content - done	{"elapsed": "1.579214641s"}
2022-11-13T05:55:21.192+0300	DEBUG	processor/process.go:403	Cleaning	{"location": "/tmp/fb2c-828205988"}
2022-11-13T05:55:21.193+0300	INFO	commands/convert.go:39	Conversion completed	{"elapsed": "1.653489232s", "to": "/usr/share/tg-bot-v2/instance/downloader/temp/c1-470328529-2217/converted/–ê–π—Ç–±–∞–µ–≤ –¢.–ê. - –ú—ç–≤.mobi", "ref_id": "c7203666-3788-4871-a3f5-506fc07674b8"}
2022-11-13T05:55:21.193+0300	DEBUG	commands/convert.go:104	Skipping file, not recognized as book or archive	{"file": "/usr/share/tg-bot-v2/instance/downloader/temp/c1-470328529-2217/–ê–π—Ç–±–∞–µ–≤ –¢.–ê. - –ú—ç–≤_cover.jpg"}
2022-11-13T05:55:21.194+0300	INFO	commands/convert.go:249	Processing completed	{"elapsed": "1.653841995s"}
2022-11-13T05:55:21.194+0300	DEBUG	fb2c/main.go:155	Program ended	{"parsed args": ["convert", "--nodirs", "--to", "mobi", "/usr/share/tg-bot-v2/instance/downloader/temp/c1-470328529-2217", "/usr/share/tg-bot-v2/instance/downloader/temp/c1-470328529-2217/converted"]}
2022-11-13T05:55:21.550+0300	DEBUG	processor/mobiazw3.go:172	Info(prcgen):I1015: Building PRC file
2022-11-13T05:55:21.551+0300	DEBUG	processor/mobiazw3.go:172	Info(prcgen):I1006: Resolving hyperlinks
2022-11-13T05:55:21.556+0300	DEBUG	processor/mobiazw3.go:172	Info(prcgen):I1008: Resolving start reading location
2022-11-13T05:55:21.556+0300	DEBUG	processor/mobiazw3.go:172	Info(prcgen):I1049: Building table of content     URL: /tmp/fb2c-261819030/OEBPS/toc.ncx
2022-11-13T05:55:22.499+0300	DEBUG	processor/mobiazw3.go:172	Info(prcgen):I1045: Computing UNICODE ranges used in the book
2022-11-13T05:55:22.499+0300	DEBUG	processor/mobiazw3.go:172	Info(prcgen):I1046: Found UNICODE range: Basic Latin [20..7E]
2022-11-13T05:55:22.499+0300	DEBUG	processor/mobiazw3.go:172	Info(prcgen):I1046: Found UNICODE range: Cyrillic [400..4FF]
2022-11-13T05:55:22.499+0300	DEBUG	processor/mobiazw3.go:172	Info(prcgen):I1046: Found UNICODE range: General Punctuation - Windows 1252 [2013..2014]
2022-11-13T05:55:22.517+0300	DEBUG	processor/mobiazw3.go:172	Info(prcgen):I1017: Building PRC file, record count:   0000226
2022-11-13T05:55:23.471+0300	DEBUG	processor/mobiazw3.go:172	Info(prcgen):I1039: Final stats - text compressed to (in % of original size):  49.33%
2022-11-13T05:55:23.471+0300	DEBUG	processor/mobiazw3.go:172	Info(prcgen):I1040: The document identifier is: "ERXP_-_01_EL-DLXYTHB_VWGIOR"
2022-11-13T05:55:23.471+0300	DEBUG	processor/mobiazw3.go:172	Info(prcgen):I1041: The file format version is V6
2022-11-13T05:55:23.472+0300	DEBUG	processor/mobiazw3.go:172	Info(prcgen):I1031: Saving PRC file
2022-11-13T05:55:23.472+0300	DEBUG	processor/mobiazw3.go:172	Info(prcgen):I1032: PRC built successfully
2022-11-13T05:55:23.473+0300	DEBUG	processor/mobiazw3.go:172	Info(prcgen):I1016: Building enhanced PRC file
2022-11-13T05:55:23.473+0300	DEBUG	processor/mobiazw3.go:172	Info(prcgen):I1007: Resolving mediaidlinks
2022-11-13T05:55:23.473+0300	DEBUG	processor/mobiazw3.go:172	Info(prcgen):I1011: Writing mediaidlinks
2022-11-13T05:55:23.474+0300	DEBUG	processor/mobiazw3.go:172	Info(prcgen):I1009: Resolving guide items
2022-11-13T05:55:23.474+0300	DEBUG	processor/mobiazw3.go:172	Info(prcgen):I1017: Building PRC file, record count:   0000223
2022-11-13T05:55:23.474+0300	DEBUG	processor/mobiazw3.go:172	Info(prcgen):I1039: Final stats - text compressed to (in % of original size):  51.54%
2022-11-13T05:55:23.474+0300	DEBUG	processor/mobiazw3.go:172	Info(prcgen):I1041: The file format version is V8
2022-11-13T05:55:23.474+0300	DEBUG	processor/mobiazw3.go:172	Info(prcgen):I15000:  Approximate Standard Mobi Deliverable file size :   0000610KB
2022-11-13T05:55:23.474+0300	DEBUG	processor/mobiazw3.go:172	Info(prcgen):I15001:  Approximate KF8 Deliverable file size :   0000630KB
2022-11-13T05:55:23.484+0300	DEBUG	processor/mobiazw3.go:172	Info(prcgen):I1036: Mobi file built successfully
2022-11-13T05:55:23.489+0300	DEBUG	processor/mobiazw3.go:153	kindlegen done	{"elapsed": "2.907661546s", "path": "/usr/share/tg-bot-v2/instance/converters/fb2c/kindlegen", "args": ["/tmp/fb2c-261819030/OEBPS/content.opf", "-c1", "-locale", "en", "-o", "–ì–æ—Ä–±–æ–≤ –ê–ª–µ–∫—Å–∞–Ω–¥—Ä - –î—è–¥—è —Å–∞–º—ã—Ö —á–µ—Å—Ç–Ω—ã—Ö –ø—Ä–∞–≤–∏–ª.mobi"]}
2022-11-13T05:55:23.572+0300	DEBUG	mobi/splitter.go:207	Inserting JFIF APP0 marker segment into mobi thumbnail
2022-11-13T05:55:23.578+0300	DEBUG	processor/process.go:275	Saving content - done	{"elapsed": "3.101959862s"}
2022-11-13T05:55:23.579+0300	DEBUG	processor/process.go:403	Cleaning	{"location": "/tmp/fb2c-261819030"}
2022-11-13T05:55:23.581+0300	INFO	commands/convert.go:39	Conversion completed	{"elapsed": "3.315308812s", "to": "/usr/share/tg-bot-v2/instance/downloader/temp/c1-470328529-2216/converted/–ì–æ—Ä–±–æ–≤ –ê–ª–µ–∫—Å–∞–Ω–¥—Ä - –î—è–¥—è —Å–∞–º—ã—Ö —á–µ—Å—Ç–Ω—ã—Ö –ø—Ä–∞–≤–∏–ª.mobi", "ref_id": "72717cf9-5f88-4192-9d10-e3c403cf69c6"}
2022-11-13T05:55:23.582+0300	DEBUG	commands/convert.go:104	Skipping file, not recognized as book or archive	{"file": "/usr/share/tg-bot-v2/instance/downloader/temp/c1-470328529-2216/–ì–æ—Ä–±–æ–≤ –ê–ª–µ–∫—Å–∞–Ω–¥—Ä - –î—è–¥—è —Å–∞–º—ã—Ö —á–µ—Å—Ç–Ω—ã—Ö –ø—Ä–∞–≤–∏–ª_cover.jpg"}
2022-11-13T05:55:23.582+0300	INFO	commands/convert.go:249	Processing completed	{"elapsed": "3.315609755s"}
2022-11-13T05:55:23.582+0300	DEBUG	fb2c/main.go:155	Program ended	{"parsed args": ["convert", "--nodirs", "--to", "mobi", "/usr/share/tg-bot-v2/instance/downloader/temp/c1-470328529-2216", "/usr/share/tg-bot-v2/instance/downloader/temp/c1-470328529-2216/converted"]}
2022-11-13T06:01:54.374+0300	DEBUG	fb2c/main.go:109	Program started	{"args": ["fb2c/fb2c", "convert", "--nodirs", "--to", "mobi", "/usr/share/tg-bot-v2/instance/downloader/temp/c1-470328529-2219", "/usr/share/tg-bot-v2/instance/downloader/temp/c1-470328529-2219/converted"], "ver": "1.65.0 (go1.19.2) : bb4424cfc35583fec746ef119bbaaa0e918bc5c5"}
2022-11-13T06:01:54.374+0300	INFO	commands/convert.go:247	Processing starting	{"source": "/usr/share/tg-bot-v2/instance/downloader/temp/c1-470328529-2219", "destination": "/usr/share/tg-bot-v2/instance/downloader/temp/c1-470328529-2219/converted", "format": "mobi"}
2022-11-13T06:01:54.374+0300	INFO	commands/convert.go:34	Conversion starting	{"from": "–ì–æ—Ä–±–æ–≤ –ê–ª–µ–∫—Å–∞–Ω–¥—Ä - –î—è–¥—è —Å–∞–º—ã—Ö —á–µ—Å—Ç–Ω—ã—Ö –ø—Ä–∞–≤–∏–ª.fb2"}
2022-11-13T06:01:54.409+0300	DEBUG	processor/process.go:761	Parsing notes - start
2022-11-13T06:01:54.409+0300	DEBUG	processor/process.go:763	Parsing notes - done	{"elapsed": "12.571¬µs", "body titles": 0, "notes bodies": 0, "notes": 0}
2022-11-13T06:01:54.409+0300	DEBUG	processor/process.go:789	Parsing images - start
2022-11-13T06:01:54.421+0300	WARN	processor/process.go:853	Declared and detected image types do not match, using detected type	{"id": "b347d8d9-8bed-4039-be3a-f0ffa50ec0b1.jpg", "declared": "image/jpg", "detected": "image/jpeg"}
2022-11-13T06:01:54.421+0300	DEBUG	processor/process.go:791	Parsing images - done	{"elapsed": "11.856495ms", "images": 1}
2022-11-13T06:01:54.421+0300	DEBUG	processor/process.go:468	Parsing description - start
2022-11-13T06:01:54.421+0300	DEBUG	processor/process.go:470	Parsing description - done	{"elapsed": "36.876¬µs", "id": "e2d5484a-6112-402d-b10c-cebb85b7eda2", "asin": "", "title": "–î—è–¥—è —Å–∞–º—ã—Ö —á–µ—Å—Ç–Ω—ã—Ö –ø—Ä–∞–≤–∏–ª", "lang": "ru", "cover": "b347d8d9-8bed-4039-be3a-f0ffa50ec0b1.jpg", "genres": [], "authors": "–ê–ª–µ–∫—Å–∞–Ω–¥—Ä –ì–æ—Ä–±–æ–≤", "sequence": "–î—è–¥—è —Å–∞–º—ã—Ö —á–µ—Å—Ç–Ω—ã—Ö –ø—Ä–∞–≤–∏–ª", "sequence number": 1, "date": ""}
2022-11-13T06:01:54.421+0300	DEBUG	processor/process.go:683	Parsing bodies - start
2022-11-13T06:01:54.421+0300	DEBUG	processor/xhtml.go:36	Parsing body - start	{"name": ""}
2022-11-13T06:01:54.656+0300	DEBUG	processor/xhtml.go:38	Parsing body - done	{"elapsed": "234.0804ms", "name": ""}
2022-11-13T06:01:54.656+0300	DEBUG	processor/process.go:685	Parsing bodies - done	{"elapsed": "234.226575ms"}
2022-11-13T06:01:54.656+0300	DEBUG	processor/process.go:892	Processing links - start
2022-11-13T06:01:54.658+0300	DEBUG	processor/process.go:894	Processing links - done	{"elapsed": "2.374149ms"}
2022-11-13T06:01:54.658+0300	DEBUG	processor/process.go:917	Processing images - start
2022-11-13T06:01:54.658+0300	DEBUG	processor/process.go:919	Processing images - done	{"elapsed": "3.352¬µs"}
2022-11-13T06:01:54.658+0300	DEBUG	processor/generate.go:29	Generating TOC page - start
2022-11-13T06:01:54.658+0300	DEBUG	processor/generate.go:31	Generating TOC page - done	{"elapsed": "132.557¬µs"}
2022-11-13T06:01:54.658+0300	DEBUG	processor/generate.go:93	Generating cover page - start
2022-11-13T06:01:54.710+0300	DEBUG	processor/generate.go:95	Generating cover page - done	{"elapsed": "51.392556ms"}
2022-11-13T06:01:54.710+0300	DEBUG	processor/generate.go:232	Generating NCX - start
2022-11-13T06:01:54.710+0300	DEBUG	processor/generate.go:234	Generating NCX - done	{"elapsed": "249.469¬µs"}
2022-11-13T06:01:54.710+0300	DEBUG	processor/generate.go:314	Processing stylesheet - start
2022-11-13T06:01:54.711+0300	DEBUG	processor/generate.go:316	Processing stylesheet - done	{"elapsed": "649.374¬µs"}
2022-11-13T06:01:54.711+0300	DEBUG	processor/generate.go:401	Generating page map - start
2022-11-13T06:01:54.712+0300	DEBUG	processor/generate.go:403	Generating page map - done	{"elapsed": "409.124¬µs"}
2022-11-13T06:01:54.712+0300	DEBUG	processor/generate.go:434	Generating OPF - start
2022-11-13T06:01:54.712+0300	DEBUG	processor/generate.go:436	Generating OPF - done	{"elapsed": "246.327¬µs"}
2022-11-13T06:01:54.712+0300	DEBUG	processor/process.go:273	Saving content - starting	{"tmp": "/tmp/fb2c-1866573931", "content": "OEBPS"}
2022-11-13T06:01:54.821+0300	DEBUG	processor/imagefile.go:153	Inserting jpeg JFIF APP0 marker segment	{"id": "b347d8d9-8bed-4039-be3a-f0ffa50ec0b1.jpg"}
2022-11-13T06:01:54.824+0300	DEBUG	processor/mobiazw3.go:151	kindlegen staring
2022-11-13T06:01:54.827+0300	DEBUG	processor/mobiazw3.go:172	
2022-11-13T06:01:54.827+0300	DEBUG	processor/mobiazw3.go:172	*************************************************************
2022-11-13T06:01:54.827+0300	DEBUG	processor/mobiazw3.go:172	 Amazon kindlegen(Linux) V2.9 build 1028-0897292 
2022-11-13T06:01:54.827+0300	DEBUG	processor/mobiazw3.go:172	 A command line e-book compiler 
2022-11-13T06:01:54.827+0300	DEBUG	processor/mobiazw3.go:172	 Copyright Amazon.com and its Affiliates 2014 
2022-11-13T06:01:54.827+0300	DEBUG	processor/mobiazw3.go:172	*************************************************************
2022-11-13T06:01:54.827+0300	DEBUG	processor/mobiazw3.go:172	
2022-11-13T06:01:54.827+0300	DEBUG	processor/mobiazw3.go:172	Info:I9006:option: -c1: Standard DOC compression
2022-11-13T06:01:54.839+0300	DEBUG	processor/mobiazw3.go:172	Info(prcgen):I1047: Added metadata dc:Title        "(–î–°–ß–ü - 01) –î—è–¥—è —Å–∞–º—ã—Ö —á–µ—Å—Ç–Ω—ã—Ö –ø—Ä–∞–≤–∏–ª"
2022-11-13T06:01:54.839+0300	DEBUG	processor/mobiazw3.go:172	Info(prcgen):I1047: Added metadata dc:Creator      "–ê–ª–µ–∫—Å–∞–Ω–¥—Ä –ì–æ—Ä–±–æ–≤"
2022-11-13T06:01:54.841+0300	DEBUG	processor/mobiazw3.go:172	Info(prcgen):I1047: Added metadata dc:Description  "–ú–∏—Ä, –≥–¥–µ –¥–≤–æ—Ä—è–Ω–µ –≥–æ—Ä–¥—è—Ç—Å—è –º–∞–≥–∏—á–µ—Å–∫–∏–º –¢–∞–ª–∞–Ω—Ç–æ–º, –∫–Ω—è–∑—å—è–º —Å–ª—É–∂–∞—Ç –æ—Ç—Ä—è–¥—ã –æ–ø—Ä–∏—á–Ω–∏–∫–æ–≤, –∞ –∫—Ä–µ–ø–æ—Å—Ç–Ω—ã–µ –æ—Ä–∫–∏ –ø–æ—Å–ª—É—à–Ω–æ –æ—Ç—Ä–∞–±–∞—Ç—ã–≤–∞—é—Ç –±–∞—Ä—â–∏–Ω—É. –ú–∏—Ä, –≥–¥–µ –∫–∞—Ä–µ—Ç—ã —Ç–∞—â–∞—Ç –º–
2022-11-13T06:01:54.844+0300	DEBUG	processor/mobiazw3.go:172	Info(prcgen):I1002: Parsing files  0000038
2022-11-13T06:01:55.757+0300	DEBUG	processor/mobiazw3.go:172	Info(prcgen):I1015: Building PRC file
2022-11-13T06:01:55.758+0300	DEBUG	processor/mobiazw3.go:172	Info(prcgen):I1006: Resolving hyperlinks
2022-11-13T06:01:55.763+0300	DEBUG	processor/mobiazw3.go:172	Info(prcgen):I1008: Resolving start reading location
2022-11-13T06:01:55.763+0300	DEBUG	processor/mobiazw3.go:172	Info(prcgen):I1049: Building table of content     URL: /tmp/fb2c-1866573931/OEBPS/toc.ncx
2022-11-13T06:01:56.610+0300	DEBUG	processor/mobiazw3.go:172	Info(prcgen):I1045: Computing UNICODE ranges used in the book
2022-11-13T06:01:56.610+0300	DEBUG	processor/mobiazw3.go:172	Info(prcgen):I1046: Found UNICODE range: Basic Latin [20..7E]
2022-11-13T06:01:56.610+0300	DEBUG	processor/mobiazw3.go:172	Info(prcgen):I1046: Found UNICODE range: Cyrillic [400..4FF]
2022-11-13T06:01:56.610+0300	DEBUG	processor/mobiazw3.go:172	Info(prcgen):I1046: Found UNICODE range: General Punctuation - Windows 1252 [2013..2014]
2022-11-13T06:01:56.628+0300	DEBUG	processor/mobiazw3.go:172	Info(prcgen):I1017: Building PRC file, record count:   0000226
2022-11-13T06:01:57.583+0300	DEBUG	processor/mobiazw3.go:172	Info(prcgen):I1039: Final stats - text compressed to (in % of original size):  49.33%
2022-11-13T06:01:57.583+0300	DEBUG	processor/mobiazw3.go:172	Info(prcgen):I1040: The document identifier is: "ERXP_-_01_EL-DLXYTHB_VWGIOR"
2022-11-13T06:01:57.583+0300	DEBUG	processor/mobiazw3.go:172	Info(prcgen):I1041: The file format version is V6
2022-11-13T06:01:57.583+0300	DEBUG	processor/mobiazw3.go:172	Info(prcgen):I1031: Saving PRC file
2022-11-13T06:01:57.583+0300	DEBUG	processor/mobiazw3.go:172	Info(prcgen):I1032: PRC built successfully
2022-11-13T06:01:57.585+0300	DEBUG	processor/mobiazw3.go:172	Info(prcgen):I1016: Building enhanced PRC file
2022-11-13T06:01:57.585+0300	DEBUG	processor/mobiazw3.go:172	Info(prcgen):I1007: Resolving mediaidlinks
2022-11-13T06:01:57.585+0300	DEBUG	processor/mobiazw3.go:172	Info(prcgen):I1011: Writing mediaidlinks
2022-11-13T06:01:57.585+0300	DEBUG	processor/mobiazw3.go:172	Info(prcgen):I1009: Resolving guide items
2022-11-13T06:01:57.585+0300	DEBUG	processor/mobiazw3.go:172	Info(prcgen):I1017: Building PRC file, record count:   0000223
2022-11-13T06:01:57.585+0300	DEBUG	processor/mobiazw3.go:172	Info(prcgen):I1039: Final stats - text compressed to (in % of original size):  51.54%
2022-11-13T06:01:57.585+0300	DEBUG	processor/mobiazw3.go:172	Info(prcgen):I1041: The file format version is V8
2022-11-13T06:01:57.585+0300	DEBUG	processor/mobiazw3.go:172	Info(prcgen):I15000:  Approximate Standard Mobi Deliverable file size :   0000610KB
2022-11-13T06:01:57.585+0300	DEBUG	processor/mobiazw3.go:172	Info(prcgen):I15001:  Approximate KF8 Deliverable file size :   0000630KB
2022-11-13T06:01:57.597+0300	DEBUG	processor/mobiazw3.go:172	Info(prcgen):I1036: Mobi file built successfully
2022-11-13T06:01:57.602+0300	DEBUG	processor/mobiazw3.go:153	kindlegen done	{"elapsed": "2.777967486s", "path": "/usr/share/tg-bot-v2/instance/converters/fb2c/kindlegen", "args": ["/tmp/fb2c-1866573931/OEBPS/content.opf", "-c1", "-locale", "en", "-o", "–ì–æ—Ä–±–æ–≤ –ê–ª–µ–∫—Å–∞–Ω–¥—Ä - –î—è–¥—è —Å–∞–º—ã—Ö —á–µ—Å—Ç–Ω—ã—Ö –ø—Ä–∞–≤–∏–ª.mobi"]}
2022-11-13T06:01:57.689+0300	DEBUG	mobi/splitter.go:207	Inserting JFIF APP0 marker segment into mobi thumbnail
2022-11-13T06:01:57.695+0300	DEBUG	processor/process.go:275	Saving content - done	{"elapsed": "2.982848319s"}
2022-11-13T06:01:57.695+0300	DEBUG	processor/process.go:403	Cleaning	{"location": "/tmp/fb2c-1866573931"}
2022-11-13T06:01:57.697+0300	INFO	commands/convert.go:39	Conversion completed	{"elapsed": "3.323217365s", "to": "/usr/share/tg-bot-v2/instance/downloader/temp/c1-470328529-2219/converted/–ì–æ—Ä–±–æ–≤ –ê–ª–µ–∫—Å–∞–Ω–¥—Ä - –î—è–¥—è —Å–∞–º—ã—Ö —á–µ—Å—Ç–Ω—ã—Ö –ø—Ä–∞–≤–∏–ª.mobi", "ref_id": "e2d5484a-6112-402d-b10c-cebb85b7eda2"}
2022-11-13T06:01:57.697+0300	DEBUG	commands/convert.go:104	Skipping file, not recognized as book or archive	{"file": "/usr/share/tg-bot-v2/instance/downloader/temp/c1-470328529-2219/–ì–æ—Ä–±–æ–≤ –ê–ª–µ–∫—Å–∞–Ω–¥—Ä - –î—è–¥—è —Å–∞–º—ã—Ö —á–µ—Å—Ç–Ω—ã—Ö –ø—Ä–∞–≤–∏–ª_cover.jpg"}
2022-11-13T06:01:57.697+0300	INFO	commands/convert.go:249	Processing completed	{"elapsed": "3.323565658s"}
2022-11-13T06:01:57.698+0300	DEBUG	fb2c/main.go:155	Program ended	{"parsed args": ["convert", "--nodirs", "--to", "mobi", "/usr/share/tg-bot-v2/instance/downloader/temp/c1-470328529-2219", "/usr/share/tg-bot-v2/instance/downloader/temp/c1-470328529-2219/converted"]}
